{"/home/fallou/Bureau/Master1 devop/veille-techno-backend/src/app.controller.ts": {"path":"/home/fallou/Bureau/Master1 devop/veille-techno-backend/src/app.controller.ts","statementMap":{"0":{"start":{"line":1,"column":0},"end":{"line":1,"column":49}},"1":{"start":{"line":2,"column":0},"end":{"line":2,"column":43}},"2":{"start":{"line":6,"column":7},"end":{"line":13,"column":null}},"3":{"start":{"line":7,"column":31},"end":{"line":7,"column":43}},"4":{"start":{"line":11,"column":4},"end":{"line":11,"column":38}},"5":{"start":{"line":6,"column":13},"end":{"line":6,"column":26}},"6":{"start":{"line":10,"column":2},"end":{"line":12,"column":null}},"7":{"start":{"line":6,"column":13},"end":{"line":13,"column":null}}},"fnMap":{"0":{"name":"(anonymous_2)","decl":{"start":{"line":7,"column":2},"end":{"line":7,"column":31}},"loc":{"start":{"line":7,"column":53},"end":{"line":7,"column":57}}},"1":{"name":"(anonymous_3)","decl":{"start":{"line":10,"column":2},"end":{"line":10,"column":10}},"loc":{"start":{"line":10,"column":10},"end":{"line":12,"column":3}}}},"branchMap":{},"s":{"0":1,"1":1,"2":1,"3":1,"4":1,"5":1,"6":1,"7":1},"f":{"0":1,"1":1},"b":{}}
,"/home/fallou/Bureau/Master1 devop/veille-techno-backend/src/app.module.ts": {"path":"/home/fallou/Bureau/Master1 devop/veille-techno-backend/src/app.module.ts","statementMap":{"0":{"start":{"line":1,"column":0},"end":{"line":1,"column":40}},"1":{"start":{"line":2,"column":0},"end":{"line":2,"column":46}},"2":{"start":{"line":4,"column":0},"end":{"line":4,"column":49}},"3":{"start":{"line":5,"column":0},"end":{"line":5,"column":43}},"4":{"start":{"line":7,"column":0},"end":{"line":7,"column":51}},"5":{"start":{"line":8,"column":0},"end":{"line":8,"column":48}},"6":{"start":{"line":9,"column":0},"end":{"line":9,"column":51}},"7":{"start":{"line":10,"column":0},"end":{"line":10,"column":51}},"8":{"start":{"line":11,"column":0},"end":{"line":11,"column":54}},"9":{"start":{"line":27,"column":7},"end":{"line":27,"column":null}},"10":{"start":{"line":27,"column":13},"end":{"line":27,"column":22}},"11":{"start":{"line":27,"column":13},"end":{"line":27,"column":null}}},"fnMap":{},"branchMap":{},"s":{"0":0,"1":0,"2":0,"3":0,"4":0,"5":0,"6":0,"7":0,"8":0,"9":0,"10":0,"11":0},"f":{},"b":{}}
,"/home/fallou/Bureau/Master1 devop/veille-techno-backend/src/app.service.ts": {"path":"/home/fallou/Bureau/Master1 devop/veille-techno-backend/src/app.service.ts","statementMap":{"0":{"start":{"line":1,"column":0},"end":{"line":1,"column":44}},"1":{"start":{"line":4,"column":7},"end":{"line":8,"column":null}},"2":{"start":{"line":6,"column":4},"end":{"line":6,"column":33}},"3":{"start":{"line":4,"column":13},"end":{"line":4,"column":23}},"4":{"start":{"line":4,"column":13},"end":{"line":8,"column":null}}},"fnMap":{"0":{"name":"(anonymous_1)","decl":{"start":{"line":5,"column":2},"end":{"line":5,"column":10}},"loc":{"start":{"line":5,"column":10},"end":{"line":7,"column":3}}}},"branchMap":{},"s":{"0":1,"1":1,"2":1,"3":1,"4":1},"f":{"0":1},"b":{}}
,"/home/fallou/Bureau/Master1 devop/veille-techno-backend/src/main.ts": {"path":"/home/fallou/Bureau/Master1 devop/veille-techno-backend/src/main.ts","statementMap":{"0":{"start":{"line":1,"column":0},"end":{"line":1,"column":48}},"1":{"start":{"line":2,"column":0},"end":{"line":2,"column":43}},"2":{"start":{"line":3,"column":0},"end":{"line":3,"column":41}},"3":{"start":{"line":4,"column":0},"end":{"line":4,"column":65}},"4":{"start":{"line":7,"column":14},"end":{"line":7,"column":49}},"5":{"start":{"line":9,"column":2},"end":{"line":15,"column":4}},"6":{"start":{"line":18,"column":17},"end":{"line":23,"column":12}},"7":{"start":{"line":25,"column":19},"end":{"line":25,"column":60}},"8":{"start":{"line":27,"column":2},"end":{"line":27,"column":44}},"9":{"start":{"line":29,"column":2},"end":{"line":29,"column":45}},"10":{"start":{"line":32,"column":0},"end":{"line":32,"column":12}}},"fnMap":{"0":{"name":"bootstrap","decl":{"start":{"line":6,"column":15},"end":{"line":6,"column":24}},"loc":{"start":{"line":6,"column":24},"end":{"line":30,"column":1}}}},"branchMap":{"0":{"loc":{"start":{"line":29,"column":19},"end":{"line":29,"column":43}},"type":"binary-expr","locations":[{"start":{"line":29,"column":19},"end":{"line":29,"column":35}},{"start":{"line":29,"column":39},"end":{"line":29,"column":43}}]}},"s":{"0":0,"1":0,"2":0,"3":0,"4":0,"5":0,"6":0,"7":0,"8":0,"9":0,"10":0},"f":{"0":0},"b":{"0":[0,0]}}
,"/home/fallou/Bureau/Master1 devop/veille-techno-backend/src/auth/auth.controller.ts": {"path":"/home/fallou/Bureau/Master1 devop/veille-techno-backend/src/auth/auth.controller.ts","statementMap":{"0":{"start":{"line":1,"column":0},"end":{"line":1,"column":null}},"1":{"start":{"line":9,"column":0},"end":{"line":9,"column":null}},"2":{"start":{"line":20,"column":0},"end":{"line":20,"column":45}},"3":{"start":{"line":21,"column":0},"end":{"line":21,"column":43}},"4":{"start":{"line":22,"column":0},"end":{"line":22,"column":49}},"5":{"start":{"line":26,"column":7},"end":{"line":114,"column":null}},"6":{"start":{"line":27,"column":31},"end":{"line":27,"column":44}},"7":{"start":{"line":72,"column":4},"end":{"line":72,"column":50}},"8":{"start":{"line":112,"column":4},"end":{"line":112,"column":44}},"9":{"start":{"line":26,"column":13},"end":{"line":26,"column":27}},"10":{"start":{"line":71,"column":2},"end":{"line":73,"column":null}},"11":{"start":{"line":111,"column":2},"end":{"line":113,"column":null}},"12":{"start":{"line":26,"column":13},"end":{"line":114,"column":null}}},"fnMap":{"0":{"name":"(anonymous_4)","decl":{"start":{"line":27,"column":2},"end":{"line":27,"column":31}},"loc":{"start":{"line":27,"column":55},"end":{"line":27,"column":59}}},"1":{"name":"(anonymous_5)","decl":{"start":{"line":71,"column":2},"end":{"line":71,"column":10}},"loc":{"start":{"line":71,"column":43},"end":{"line":73,"column":3}}},"2":{"name":"(anonymous_6)","decl":{"start":{"line":111,"column":2},"end":{"line":111,"column":7}},"loc":{"start":{"line":111,"column":34},"end":{"line":113,"column":3}}}},"branchMap":{},"s":{"0":1,"1":1,"2":1,"3":1,"4":1,"5":1,"6":3,"7":1,"8":1,"9":1,"10":1,"11":1,"12":1},"f":{"0":3,"1":1,"2":1},"b":{}}
,"/home/fallou/Bureau/Master1 devop/veille-techno-backend/src/auth/auth.module.ts": {"path":"/home/fallou/Bureau/Master1 devop/veille-techno-backend/src/auth/auth.module.ts","statementMap":{"0":{"start":{"line":1,"column":0},"end":{"line":1,"column":40}},"1":{"start":{"line":2,"column":0},"end":{"line":2,"column":40}},"2":{"start":{"line":3,"column":0},"end":{"line":3,"column":61}},"3":{"start":{"line":5,"column":0},"end":{"line":5,"column":51}},"4":{"start":{"line":6,"column":0},"end":{"line":6,"column":45}},"5":{"start":{"line":7,"column":0},"end":{"line":7,"column":55}},"6":{"start":{"line":26,"column":7},"end":{"line":26,"column":null}},"7":{"start":{"line":26,"column":13},"end":{"line":26,"column":23}},"8":{"start":{"line":26,"column":13},"end":{"line":26,"column":null}},"9":{"start":{"line":14,"column":53},"end":{"line":19,"column":8}}},"fnMap":{"0":{"name":"(anonymous_1)","decl":{"start":{"line":14,"column":18},"end":{"line":14,"column":19}},"loc":{"start":{"line":14,"column":53},"end":{"line":19,"column":8}}}},"branchMap":{},"s":{"0":0,"1":0,"2":0,"3":0,"4":0,"5":0,"6":0,"7":0,"8":0,"9":0},"f":{"0":0},"b":{}}
,"/home/fallou/Bureau/Master1 devop/veille-techno-backend/src/auth/auth.service.ts": {"path":"/home/fallou/Bureau/Master1 devop/veille-techno-backend/src/auth/auth.service.ts","statementMap":{"0":{"start":{"line":1,"column":0},"end":{"line":1,"column":null}},"1":{"start":{"line":6,"column":0},"end":{"line":6,"column":41}},"2":{"start":{"line":7,"column":0},"end":{"line":7,"column":33}},"3":{"start":{"line":9,"column":0},"end":{"line":9,"column":57}},"4":{"start":{"line":14,"column":7},"end":{"line":79,"column":null}},"5":{"start":{"line":16,"column":21},"end":{"line":16,"column":29}},"6":{"start":{"line":17,"column":21},"end":{"line":17,"column":33}},"7":{"start":{"line":21,"column":38},"end":{"line":21,"column":49}},"8":{"start":{"line":23,"column":25},"end":{"line":25,"column":6}},"9":{"start":{"line":27,"column":4},"end":{"line":29,"column":5}},"10":{"start":{"line":28,"column":6},"end":{"line":28,"column":58}},"11":{"start":{"line":31,"column":27},"end":{"line":31,"column":54}},"12":{"start":{"line":33,"column":17},"end":{"line":39,"column":6}},"13":{"start":{"line":41,"column":4},"end":{"line":47,"column":6}},"14":{"start":{"line":51,"column":32},"end":{"line":51,"column":40}},"15":{"start":{"line":53,"column":17},"end":{"line":55,"column":6}},"16":{"start":{"line":57,"column":4},"end":{"line":59,"column":5}},"17":{"start":{"line":58,"column":6},"end":{"line":58,"column":67}},"18":{"start":{"line":61,"column":28},"end":{"line":63,"column":null}},"19":{"start":{"line":66,"column":4},"end":{"line":68,"column":5}},"20":{"start":{"line":67,"column":6},"end":{"line":67,"column":67}},"21":{"start":{"line":70,"column":24},"end":{"line":73,"column":6}},"22":{"start":{"line":75,"column":4},"end":{"line":77,"column":6}},"23":{"start":{"line":14,"column":13},"end":{"line":14,"column":24}},"24":{"start":{"line":14,"column":13},"end":{"line":79,"column":null}}},"fnMap":{"0":{"name":"(anonymous_11)","decl":{"start":{"line":15,"column":2},"end":{"line":15,"column":null}},"loc":{"start":{"line":17,"column":43},"end":{"line":18,"column":6}}},"1":{"name":"(anonymous_12)","decl":{"start":{"line":20,"column":2},"end":{"line":20,"column":7}},"loc":{"start":{"line":20,"column":41},"end":{"line":48,"column":3}}},"2":{"name":"(anonymous_13)","decl":{"start":{"line":50,"column":2},"end":{"line":50,"column":7}},"loc":{"start":{"line":50,"column":32},"end":{"line":78,"column":3}}}},"branchMap":{"0":{"loc":{"start":{"line":27,"column":4},"end":{"line":29,"column":5}},"type":"if","locations":[{"start":{"line":27,"column":4},"end":{"line":29,"column":5}},{"start":{},"end":{}}]},"1":{"loc":{"start":{"line":57,"column":4},"end":{"line":59,"column":5}},"type":"if","locations":[{"start":{"line":57,"column":4},"end":{"line":59,"column":5}},{"start":{},"end":{}}]},"2":{"loc":{"start":{"line":66,"column":4},"end":{"line":68,"column":5}},"type":"if","locations":[{"start":{"line":66,"column":4},"end":{"line":68,"column":5}},{"start":{},"end":{}}]}},"s":{"0":2,"1":2,"2":2,"3":2,"4":2,"5":7,"6":7,"7":2,"8":2,"9":2,"10":1,"11":1,"12":1,"13":1,"14":5,"15":5,"16":5,"17":2,"18":3,"19":3,"20":2,"21":1,"22":1,"23":2,"24":2},"f":{"0":7,"1":2,"2":5},"b":{"0":[1,1],"1":[2,3],"2":[2,1]}}
,"/home/fallou/Bureau/Master1 devop/veille-techno-backend/src/auth/dto/login.dto.ts": {"path":"/home/fallou/Bureau/Master1 devop/veille-techno-backend/src/auth/dto/login.dto.ts","statementMap":{"0":{"start":{"line":1,"column":0},"end":{"line":1,"column":46}},"1":{"start":{"line":2,"column":0},"end":{"line":2,"column":63}},"2":{"start":{"line":4,"column":0},"end":{"line":4,"column":13}},"3":{"start":{"line":10,"column":2},"end":{"line":10,"column":null}},"4":{"start":{"line":18,"column":2},"end":{"line":18,"column":null}}},"fnMap":{},"branchMap":{},"s":{"0":1,"1":1,"2":1,"3":1,"4":1},"f":{},"b":{}}
,"/home/fallou/Bureau/Master1 devop/veille-techno-backend/src/auth/dto/register.dto.ts": {"path":"/home/fallou/Bureau/Master1 devop/veille-techno-backend/src/auth/dto/register.dto.ts","statementMap":{"0":{"start":{"line":1,"column":0},"end":{"line":1,"column":46}},"1":{"start":{"line":2,"column":0},"end":{"line":2,"column":null}},"2":{"start":{"line":9,"column":0},"end":{"line":9,"column":13}},"3":{"start":{"line":16,"column":2},"end":{"line":16,"column":null}},"4":{"start":{"line":23,"column":2},"end":{"line":23,"column":null}},"5":{"start":{"line":32,"column":2},"end":{"line":32,"column":null}}},"fnMap":{},"branchMap":{},"s":{"0":1,"1":1,"2":1,"3":1,"4":1,"5":1},"f":{},"b":{}}
,"/home/fallou/Bureau/Master1 devop/veille-techno-backend/src/auth/guards/jwt-auth.guard.ts": {"path":"/home/fallou/Bureau/Master1 devop/veille-techno-backend/src/auth/guards/jwt-auth.guard.ts","statementMap":{"0":{"start":{"line":1,"column":0},"end":{"line":1,"column":null}},"1":{"start":{"line":7,"column":0},"end":{"line":7,"column":41}},"2":{"start":{"line":8,"column":0},"end":{"line":8,"column":47}},"3":{"start":{"line":12,"column":7},"end":{"line":44,"column":null}},"4":{"start":{"line":14,"column":21},"end":{"line":14,"column":33}},"5":{"start":{"line":15,"column":21},"end":{"line":15,"column":36}},"6":{"start":{"line":19,"column":20},"end":{"line":19,"column":64}},"7":{"start":{"line":20,"column":18},"end":{"line":20,"column":54}},"8":{"start":{"line":22,"column":4},"end":{"line":24,"column":5}},"9":{"start":{"line":23,"column":6},"end":{"line":23,"column":65}},"10":{"start":{"line":26,"column":4},"end":{"line":34,"column":5}},"11":{"start":{"line":27,"column":22},"end":{"line":29,"column":8}},"12":{"start":{"line":31,"column":6},"end":{"line":31,"column":32}},"13":{"start":{"line":33,"column":6},"end":{"line":33,"column":66}},"14":{"start":{"line":36,"column":4},"end":{"line":36,"column":16}},"15":{"start":{"line":40,"column":26},"end":{"line":40,"column":73}},"16":{"start":{"line":42,"column":4},"end":{"line":42,"column":49}},"17":{"start":{"line":12,"column":13},"end":{"line":12,"column":25}},"18":{"start":{"line":12,"column":13},"end":{"line":44,"column":null}}},"fnMap":{"0":{"name":"(anonymous_2)","decl":{"start":{"line":13,"column":2},"end":{"line":13,"column":null}},"loc":{"start":{"line":15,"column":49},"end":{"line":16,"column":6}}},"1":{"name":"(anonymous_3)","decl":{"start":{"line":18,"column":2},"end":{"line":18,"column":7}},"loc":{"start":{"line":18,"column":45},"end":{"line":37,"column":3}}},"2":{"name":"(anonymous_4)","decl":{"start":{"line":39,"column":10},"end":{"line":39,"column":32}},"loc":{"start":{"line":39,"column":49},"end":{"line":43,"column":3}}}},"branchMap":{"0":{"loc":{"start":{"line":22,"column":4},"end":{"line":24,"column":5}},"type":"if","locations":[{"start":{"line":22,"column":4},"end":{"line":24,"column":5}},{"start":{},"end":{}}]},"1":{"loc":{"start":{"line":40,"column":26},"end":{"line":40,"column":73}},"type":"binary-expr","locations":[{"start":{"line":40,"column":26},"end":{"line":40,"column":67}},{"start":{"line":40,"column":71},"end":{"line":40,"column":73}}]},"2":{"loc":{"start":{"line":42,"column":11},"end":{"line":42,"column":48}},"type":"cond-expr","locations":[{"start":{"line":42,"column":31},"end":{"line":42,"column":36}},{"start":{"line":42,"column":39},"end":{"line":42,"column":48}}]}},"s":{"0":2,"1":2,"2":2,"3":2,"4":12,"5":12,"6":9,"7":9,"8":9,"9":4,"10":5,"11":5,"12":2,"13":3,"14":2,"15":9,"16":9,"17":2,"18":2},"f":{"0":12,"1":9,"2":9},"b":{"0":[4,5],"1":[9,2],"2":[6,3]}}
,"/home/fallou/Bureau/Master1 devop/veille-techno-backend/src/cards/cards.controller.ts": {"path":"/home/fallou/Bureau/Master1 devop/veille-techno-backend/src/cards/cards.controller.ts","statementMap":{"0":{"start":{"line":1,"column":0},"end":{"line":1,"column":null}},"1":{"start":{"line":16,"column":0},"end":{"line":16,"column":null}},"2":{"start":{"line":27,"column":0},"end":{"line":27,"column":61}},"3":{"start":{"line":28,"column":0},"end":{"line":28,"column":54}},"4":{"start":{"line":29,"column":0},"end":{"line":29,"column":54}},"5":{"start":{"line":30,"column":0},"end":{"line":30,"column":47}},"6":{"start":{"line":43,"column":7},"end":{"line":135,"column":null}},"7":{"start":{"line":44,"column":31},"end":{"line":44,"column":45}},"8":{"start":{"line":58,"column":4},"end":{"line":62,"column":6}},"9":{"start":{"line":76,"column":4},"end":{"line":79,"column":6}},"10":{"start":{"line":93,"column":4},"end":{"line":96,"column":6}},"11":{"start":{"line":111,"column":4},"end":{"line":115,"column":6}},"12":{"start":{"line":130,"column":4},"end":{"line":133,"column":6}},"13":{"start":{"line":43,"column":13},"end":{"line":43,"column":28}},"14":{"start":{"line":53,"column":2},"end":{"line":63,"column":null}},"15":{"start":{"line":72,"column":2},"end":{"line":80,"column":null}},"16":{"start":{"line":89,"column":2},"end":{"line":97,"column":null}},"17":{"start":{"line":106,"column":2},"end":{"line":116,"column":null}},"18":{"start":{"line":126,"column":8},"end":{"line":134,"column":null}},"19":{"start":{"line":43,"column":13},"end":{"line":135,"column":null}}},"fnMap":{"0":{"name":"(anonymous_4)","decl":{"start":{"line":44,"column":2},"end":{"line":44,"column":31}},"loc":{"start":{"line":44,"column":57},"end":{"line":44,"column":61}}},"1":{"name":"(anonymous_5)","decl":{"start":{"line":53,"column":2},"end":{"line":53,"column":8}},"loc":{"start":{"line":56,"column":40},"end":{"line":63,"column":3}}},"2":{"name":"(anonymous_6)","decl":{"start":{"line":72,"column":2},"end":{"line":72,"column":15}},"loc":{"start":{"line":74,"column":40},"end":{"line":80,"column":3}}},"3":{"name":"(anonymous_7)","decl":{"start":{"line":89,"column":2},"end":{"line":89,"column":9}},"loc":{"start":{"line":91,"column":40},"end":{"line":97,"column":3}}},"4":{"name":"(anonymous_8)","decl":{"start":{"line":106,"column":2},"end":{"line":106,"column":8}},"loc":{"start":{"line":109,"column":40},"end":{"line":116,"column":3}}},"5":{"name":"(anonymous_9)","decl":{"start":{"line":126,"column":8},"end":{"line":126,"column":14}},"loc":{"start":{"line":128,"column":40},"end":{"line":134,"column":3}}}},"branchMap":{},"s":{"0":1,"1":1,"2":1,"3":1,"4":1,"5":1,"6":1,"7":6,"8":1,"9":1,"10":1,"11":1,"12":1,"13":1,"14":1,"15":1,"16":1,"17":1,"18":1,"19":1},"f":{"0":6,"1":1,"2":1,"3":1,"4":1,"5":1},"b":{}}
,"/home/fallou/Bureau/Master1 devop/veille-techno-backend/src/cards/cards.module.ts": {"path":"/home/fallou/Bureau/Master1 devop/veille-techno-backend/src/cards/cards.module.ts","statementMap":{"0":{"start":{"line":1,"column":0},"end":{"line":1,"column":40}},"1":{"start":{"line":3,"column":0},"end":{"line":3,"column":49}},"2":{"start":{"line":4,"column":0},"end":{"line":4,"column":53}},"3":{"start":{"line":5,"column":0},"end":{"line":5,"column":47}},"4":{"start":{"line":12,"column":7},"end":{"line":12,"column":null}},"5":{"start":{"line":12,"column":13},"end":{"line":12,"column":24}},"6":{"start":{"line":12,"column":13},"end":{"line":12,"column":null}}},"fnMap":{},"branchMap":{},"s":{"0":0,"1":0,"2":0,"3":0,"4":0,"5":0,"6":0},"f":{},"b":{}}
,"/home/fallou/Bureau/Master1 devop/veille-techno-backend/src/cards/cards.service.ts": {"path":"/home/fallou/Bureau/Master1 devop/veille-techno-backend/src/cards/cards.service.ts","statementMap":{"0":{"start":{"line":1,"column":0},"end":{"line":1,"column":null}},"1":{"start":{"line":7,"column":0},"end":{"line":7,"column":57}},"2":{"start":{"line":12,"column":7},"end":{"line":181,"column":null}},"3":{"start":{"line":13,"column":31},"end":{"line":13,"column":39}},"4":{"start":{"line":20,"column":17},"end":{"line":24,"column":6}},"5":{"start":{"line":26,"column":4},"end":{"line":28,"column":5}},"6":{"start":{"line":27,"column":6},"end":{"line":27,"column":52}},"7":{"start":{"line":30,"column":4},"end":{"line":34,"column":5}},"8":{"start":{"line":31,"column":6},"end":{"line":33,"column":8}},"9":{"start":{"line":36,"column":4},"end":{"line":42,"column":7}},"10":{"start":{"line":46,"column":17},"end":{"line":50,"column":6}},"11":{"start":{"line":52,"column":4},"end":{"line":54,"column":5}},"12":{"start":{"line":53,"column":6},"end":{"line":53,"column":52}},"13":{"start":{"line":56,"column":4},"end":{"line":60,"column":5}},"14":{"start":{"line":57,"column":6},"end":{"line":59,"column":8}},"15":{"start":{"line":62,"column":4},"end":{"line":69,"column":7}},"16":{"start":{"line":73,"column":17},"end":{"line":80,"column":6}},"17":{"start":{"line":82,"column":4},"end":{"line":84,"column":5}},"18":{"start":{"line":83,"column":6},"end":{"line":83,"column":52}},"19":{"start":{"line":86,"column":4},"end":{"line":90,"column":5}},"20":{"start":{"line":87,"column":6},"end":{"line":89,"column":8}},"21":{"start":{"line":92,"column":4},"end":{"line":92,"column":16}},"22":{"start":{"line":100,"column":17},"end":{"line":107,"column":6}},"23":{"start":{"line":109,"column":4},"end":{"line":111,"column":5}},"24":{"start":{"line":110,"column":6},"end":{"line":110,"column":52}},"25":{"start":{"line":113,"column":4},"end":{"line":117,"column":5}},"26":{"start":{"line":114,"column":6},"end":{"line":116,"column":8}},"27":{"start":{"line":119,"column":4},"end":{"line":140,"column":5}},"28":{"start":{"line":123,"column":30},"end":{"line":127,"column":8}},"29":{"start":{"line":129,"column":6},"end":{"line":133,"column":7}},"30":{"start":{"line":130,"column":8},"end":{"line":132,"column":10}},"31":{"start":{"line":135,"column":6},"end":{"line":139,"column":7}},"32":{"start":{"line":136,"column":8},"end":{"line":138,"column":10}},"33":{"start":{"line":142,"column":4},"end":{"line":152,"column":7}},"34":{"start":{"line":156,"column":17},"end":{"line":163,"column":6}},"35":{"start":{"line":165,"column":4},"end":{"line":167,"column":5}},"36":{"start":{"line":166,"column":6},"end":{"line":166,"column":52}},"37":{"start":{"line":169,"column":4},"end":{"line":173,"column":5}},"38":{"start":{"line":170,"column":6},"end":{"line":172,"column":8}},"39":{"start":{"line":175,"column":4},"end":{"line":179,"column":7}},"40":{"start":{"line":12,"column":13},"end":{"line":12,"column":25}},"41":{"start":{"line":12,"column":13},"end":{"line":181,"column":null}}},"fnMap":{"0":{"name":"(anonymous_2)","decl":{"start":{"line":13,"column":2},"end":{"line":13,"column":31}},"loc":{"start":{"line":13,"column":52},"end":{"line":13,"column":56}}},"1":{"name":"(anonymous_3)","decl":{"start":{"line":15,"column":2},"end":{"line":15,"column":7}},"loc":{"start":{"line":18,"column":32},"end":{"line":43,"column":3}}},"2":{"name":"(anonymous_4)","decl":{"start":{"line":45,"column":2},"end":{"line":45,"column":7}},"loc":{"start":{"line":45,"column":52},"end":{"line":70,"column":3}}},"3":{"name":"(anonymous_5)","decl":{"start":{"line":72,"column":2},"end":{"line":72,"column":7}},"loc":{"start":{"line":72,"column":46},"end":{"line":93,"column":3}}},"4":{"name":"(anonymous_6)","decl":{"start":{"line":95,"column":2},"end":{"line":95,"column":7}},"loc":{"start":{"line":98,"column":32},"end":{"line":153,"column":3}}},"5":{"name":"(anonymous_7)","decl":{"start":{"line":155,"column":2},"end":{"line":155,"column":7}},"loc":{"start":{"line":155,"column":45},"end":{"line":180,"column":3}}}},"branchMap":{"0":{"loc":{"start":{"line":26,"column":4},"end":{"line":28,"column":5}},"type":"if","locations":[{"start":{"line":26,"column":4},"end":{"line":28,"column":5}},{"start":{},"end":{}}]},"1":{"loc":{"start":{"line":30,"column":4},"end":{"line":34,"column":5}},"type":"if","locations":[{"start":{"line":30,"column":4},"end":{"line":34,"column":5}},{"start":{},"end":{}}]},"2":{"loc":{"start":{"line":52,"column":4},"end":{"line":54,"column":5}},"type":"if","locations":[{"start":{"line":52,"column":4},"end":{"line":54,"column":5}},{"start":{},"end":{}}]},"3":{"loc":{"start":{"line":56,"column":4},"end":{"line":60,"column":5}},"type":"if","locations":[{"start":{"line":56,"column":4},"end":{"line":60,"column":5}},{"start":{},"end":{}}]},"4":{"loc":{"start":{"line":82,"column":4},"end":{"line":84,"column":5}},"type":"if","locations":[{"start":{"line":82,"column":4},"end":{"line":84,"column":5}},{"start":{},"end":{}}]},"5":{"loc":{"start":{"line":86,"column":4},"end":{"line":90,"column":5}},"type":"if","locations":[{"start":{"line":86,"column":4},"end":{"line":90,"column":5}},{"start":{},"end":{}}]},"6":{"loc":{"start":{"line":109,"column":4},"end":{"line":111,"column":5}},"type":"if","locations":[{"start":{"line":109,"column":4},"end":{"line":111,"column":5}},{"start":{},"end":{}}]},"7":{"loc":{"start":{"line":113,"column":4},"end":{"line":117,"column":5}},"type":"if","locations":[{"start":{"line":113,"column":4},"end":{"line":117,"column":5}},{"start":{},"end":{}}]},"8":{"loc":{"start":{"line":119,"column":4},"end":{"line":140,"column":5}},"type":"if","locations":[{"start":{"line":119,"column":4},"end":{"line":140,"column":5}},{"start":{},"end":{}}]},"9":{"loc":{"start":{"line":120,"column":6},"end":{"line":121,"column":42}},"type":"binary-expr","locations":[{"start":{"line":120,"column":6},"end":{"line":120,"column":40}},{"start":{"line":121,"column":6},"end":{"line":121,"column":42}}]},"10":{"loc":{"start":{"line":129,"column":6},"end":{"line":133,"column":7}},"type":"if","locations":[{"start":{"line":129,"column":6},"end":{"line":133,"column":7}},{"start":{},"end":{}}]},"11":{"loc":{"start":{"line":135,"column":6},"end":{"line":139,"column":7}},"type":"if","locations":[{"start":{"line":135,"column":6},"end":{"line":139,"column":7}},{"start":{},"end":{}}]},"12":{"loc":{"start":{"line":165,"column":4},"end":{"line":167,"column":5}},"type":"if","locations":[{"start":{"line":165,"column":4},"end":{"line":167,"column":5}},{"start":{},"end":{}}]},"13":{"loc":{"start":{"line":169,"column":4},"end":{"line":173,"column":5}},"type":"if","locations":[{"start":{"line":169,"column":4},"end":{"line":173,"column":5}},{"start":{},"end":{}}]}},"s":{"0":2,"1":2,"2":2,"3":19,"4":3,"5":3,"6":1,"7":2,"8":1,"9":1,"10":3,"11":3,"12":1,"13":2,"14":1,"15":1,"16":3,"17":3,"18":1,"19":2,"20":1,"21":1,"22":6,"23":6,"24":1,"25":5,"26":1,"27":4,"28":3,"29":3,"30":1,"31":2,"32":1,"33":2,"34":3,"35":3,"36":1,"37":2,"38":1,"39":1,"40":2,"41":2},"f":{"0":19,"1":3,"2":3,"3":3,"4":6,"5":3},"b":{"0":[1,2],"1":[1,1],"2":[1,2],"3":[1,1],"4":[1,2],"5":[1,1],"6":[1,5],"7":[1,4],"8":[3,1],"9":[4,3],"10":[1,2],"11":[1,1],"12":[1,2],"13":[1,1]}}
,"/home/fallou/Bureau/Master1 devop/veille-techno-backend/src/cards/dto/create-card.dto.ts": {"path":"/home/fallou/Bureau/Master1 devop/veille-techno-backend/src/cards/dto/create-card.dto.ts","statementMap":{"0":{"start":{"line":1,"column":0},"end":{"line":1,"column":67}},"1":{"start":{"line":2,"column":0},"end":{"line":2,"column":67}},"2":{"start":{"line":4,"column":0},"end":{"line":4,"column":13}},"3":{"start":{"line":11,"column":2},"end":{"line":11,"column":null}},"4":{"start":{"line":19,"column":2},"end":{"line":19,"column":null}}},"fnMap":{},"branchMap":{},"s":{"0":1,"1":1,"2":1,"3":1,"4":1},"f":{},"b":{}}
,"/home/fallou/Bureau/Master1 devop/veille-techno-backend/src/cards/dto/update-card.dto.ts": {"path":"/home/fallou/Bureau/Master1 devop/veille-techno-backend/src/cards/dto/update-card.dto.ts","statementMap":{"0":{"start":{"line":1,"column":0},"end":{"line":1,"column":54}},"1":{"start":{"line":2,"column":0},"end":{"line":2,"column":62}},"2":{"start":{"line":4,"column":0},"end":{"line":4,"column":13}},"3":{"start":{"line":10,"column":2},"end":{"line":10,"column":null}},"4":{"start":{"line":17,"column":2},"end":{"line":17,"column":null}},"5":{"start":{"line":24,"column":2},"end":{"line":24,"column":null}},"6":{"start":{"line":32,"column":2},"end":{"line":32,"column":null}}},"fnMap":{},"branchMap":{},"s":{"0":1,"1":1,"2":1,"3":1,"4":1,"5":1,"6":1},"f":{},"b":{}}
,"/home/fallou/Bureau/Master1 devop/veille-techno-backend/src/lists/lists.controller.ts": {"path":"/home/fallou/Bureau/Master1 devop/veille-techno-backend/src/lists/lists.controller.ts","statementMap":{"0":{"start":{"line":1,"column":0},"end":{"line":1,"column":null}},"1":{"start":{"line":16,"column":0},"end":{"line":16,"column":null}},"2":{"start":{"line":28,"column":0},"end":{"line":28,"column":61}},"3":{"start":{"line":29,"column":0},"end":{"line":29,"column":54}},"4":{"start":{"line":30,"column":0},"end":{"line":30,"column":54}},"5":{"start":{"line":31,"column":0},"end":{"line":31,"column":47}},"6":{"start":{"line":44,"column":7},"end":{"line":114,"column":null}},"7":{"start":{"line":45,"column":31},"end":{"line":45,"column":45}},"8":{"start":{"line":58,"column":4},"end":{"line":58,"column":55}},"9":{"start":{"line":72,"column":4},"end":{"line":75,"column":6}},"10":{"start":{"line":90,"column":4},"end":{"line":94,"column":6}},"11":{"start":{"line":109,"column":4},"end":{"line":112,"column":6}},"12":{"start":{"line":44,"column":13},"end":{"line":44,"column":28}},"13":{"start":{"line":57,"column":2},"end":{"line":59,"column":null}},"14":{"start":{"line":68,"column":2},"end":{"line":76,"column":null}},"15":{"start":{"line":85,"column":2},"end":{"line":95,"column":null}},"16":{"start":{"line":105,"column":8},"end":{"line":113,"column":null}},"17":{"start":{"line":44,"column":13},"end":{"line":114,"column":null}}},"fnMap":{"0":{"name":"(anonymous_4)","decl":{"start":{"line":45,"column":2},"end":{"line":45,"column":31}},"loc":{"start":{"line":45,"column":57},"end":{"line":45,"column":61}}},"1":{"name":"(anonymous_5)","decl":{"start":{"line":57,"column":2},"end":{"line":57,"column":9}},"loc":{"start":{"line":57,"column":46},"end":{"line":59,"column":3}}},"2":{"name":"(anonymous_6)","decl":{"start":{"line":68,"column":2},"end":{"line":68,"column":8}},"loc":{"start":{"line":70,"column":40},"end":{"line":76,"column":3}}},"3":{"name":"(anonymous_7)","decl":{"start":{"line":85,"column":2},"end":{"line":85,"column":8}},"loc":{"start":{"line":88,"column":40},"end":{"line":95,"column":3}}},"4":{"name":"(anonymous_8)","decl":{"start":{"line":105,"column":8},"end":{"line":105,"column":14}},"loc":{"start":{"line":107,"column":40},"end":{"line":113,"column":3}}}},"branchMap":{},"s":{"0":1,"1":1,"2":1,"3":1,"4":1,"5":1,"6":1,"7":5,"8":1,"9":1,"10":1,"11":1,"12":1,"13":1,"14":1,"15":1,"16":1,"17":1},"f":{"0":5,"1":1,"2":1,"3":1,"4":1},"b":{}}
,"/home/fallou/Bureau/Master1 devop/veille-techno-backend/src/lists/lists.module.ts": {"path":"/home/fallou/Bureau/Master1 devop/veille-techno-backend/src/lists/lists.module.ts","statementMap":{"0":{"start":{"line":1,"column":0},"end":{"line":1,"column":40}},"1":{"start":{"line":2,"column":0},"end":{"line":2,"column":49}},"2":{"start":{"line":3,"column":0},"end":{"line":3,"column":53}},"3":{"start":{"line":4,"column":0},"end":{"line":4,"column":47}},"4":{"start":{"line":11,"column":7},"end":{"line":11,"column":null}},"5":{"start":{"line":11,"column":13},"end":{"line":11,"column":24}},"6":{"start":{"line":11,"column":13},"end":{"line":11,"column":null}}},"fnMap":{},"branchMap":{},"s":{"0":0,"1":0,"2":0,"3":0,"4":0,"5":0,"6":0},"f":{},"b":{}}
,"/home/fallou/Bureau/Master1 devop/veille-techno-backend/src/lists/lists.service.ts": {"path":"/home/fallou/Bureau/Master1 devop/veille-techno-backend/src/lists/lists.service.ts","statementMap":{"0":{"start":{"line":1,"column":0},"end":{"line":1,"column":null}},"1":{"start":{"line":7,"column":0},"end":{"line":7,"column":57}},"2":{"start":{"line":12,"column":7},"end":{"line":87,"column":null}},"3":{"start":{"line":13,"column":31},"end":{"line":13,"column":39}},"4":{"start":{"line":16,"column":4},"end":{"line":21,"column":7}},"5":{"start":{"line":25,"column":4},"end":{"line":32,"column":7}},"6":{"start":{"line":40,"column":17},"end":{"line":44,"column":6}},"7":{"start":{"line":46,"column":4},"end":{"line":48,"column":5}},"8":{"start":{"line":47,"column":6},"end":{"line":47,"column":52}},"9":{"start":{"line":50,"column":4},"end":{"line":54,"column":5}},"10":{"start":{"line":51,"column":6},"end":{"line":53,"column":8}},"11":{"start":{"line":56,"column":4},"end":{"line":61,"column":7}},"12":{"start":{"line":65,"column":17},"end":{"line":69,"column":6}},"13":{"start":{"line":71,"column":4},"end":{"line":73,"column":5}},"14":{"start":{"line":72,"column":6},"end":{"line":72,"column":52}},"15":{"start":{"line":75,"column":4},"end":{"line":79,"column":5}},"16":{"start":{"line":76,"column":6},"end":{"line":78,"column":8}},"17":{"start":{"line":81,"column":4},"end":{"line":85,"column":7}},"18":{"start":{"line":12,"column":13},"end":{"line":12,"column":25}},"19":{"start":{"line":12,"column":13},"end":{"line":87,"column":null}}},"fnMap":{"0":{"name":"(anonymous_2)","decl":{"start":{"line":13,"column":2},"end":{"line":13,"column":31}},"loc":{"start":{"line":13,"column":52},"end":{"line":13,"column":56}}},"1":{"name":"(anonymous_3)","decl":{"start":{"line":15,"column":2},"end":{"line":15,"column":7}},"loc":{"start":{"line":15,"column":59},"end":{"line":22,"column":3}}},"2":{"name":"(anonymous_4)","decl":{"start":{"line":24,"column":2},"end":{"line":24,"column":7}},"loc":{"start":{"line":24,"column":30},"end":{"line":33,"column":3}}},"3":{"name":"(anonymous_5)","decl":{"start":{"line":35,"column":2},"end":{"line":35,"column":7}},"loc":{"start":{"line":38,"column":32},"end":{"line":62,"column":3}}},"4":{"name":"(anonymous_6)","decl":{"start":{"line":64,"column":2},"end":{"line":64,"column":7}},"loc":{"start":{"line":64,"column":45},"end":{"line":86,"column":3}}}},"branchMap":{"0":{"loc":{"start":{"line":46,"column":4},"end":{"line":48,"column":5}},"type":"if","locations":[{"start":{"line":46,"column":4},"end":{"line":48,"column":5}},{"start":{},"end":{}}]},"1":{"loc":{"start":{"line":50,"column":4},"end":{"line":54,"column":5}},"type":"if","locations":[{"start":{"line":50,"column":4},"end":{"line":54,"column":5}},{"start":{},"end":{}}]},"2":{"loc":{"start":{"line":71,"column":4},"end":{"line":73,"column":5}},"type":"if","locations":[{"start":{"line":71,"column":4},"end":{"line":73,"column":5}},{"start":{},"end":{}}]},"3":{"loc":{"start":{"line":75,"column":4},"end":{"line":79,"column":5}},"type":"if","locations":[{"start":{"line":75,"column":4},"end":{"line":79,"column":5}},{"start":{},"end":{}}]}},"s":{"0":2,"1":2,"2":2,"3":9,"4":1,"5":1,"6":3,"7":3,"8":1,"9":2,"10":1,"11":1,"12":3,"13":3,"14":1,"15":2,"16":1,"17":1,"18":2,"19":2},"f":{"0":9,"1":1,"2":1,"3":3,"4":3},"b":{"0":[1,2],"1":[1,1],"2":[1,2],"3":[1,1]}}
,"/home/fallou/Bureau/Master1 devop/veille-techno-backend/src/lists/dto/create-list.dto.ts": {"path":"/home/fallou/Bureau/Master1 devop/veille-techno-backend/src/lists/dto/create-list.dto.ts","statementMap":{"0":{"start":{"line":1,"column":0},"end":{"line":1,"column":46}},"1":{"start":{"line":2,"column":0},"end":{"line":2,"column":55}},"2":{"start":{"line":4,"column":0},"end":{"line":4,"column":13}},"3":{"start":{"line":11,"column":2},"end":{"line":11,"column":null}}},"fnMap":{},"branchMap":{},"s":{"0":1,"1":1,"2":1,"3":1},"f":{},"b":{}}
,"/home/fallou/Bureau/Master1 devop/veille-techno-backend/src/lists/dto/update-list.dto.ts": {"path":"/home/fallou/Bureau/Master1 devop/veille-techno-backend/src/lists/dto/update-list.dto.ts","statementMap":{"0":{"start":{"line":1,"column":0},"end":{"line":1,"column":54}},"1":{"start":{"line":2,"column":0},"end":{"line":2,"column":62}},"2":{"start":{"line":4,"column":0},"end":{"line":4,"column":13}},"3":{"start":{"line":11,"column":2},"end":{"line":11,"column":null}},"4":{"start":{"line":19,"column":2},"end":{"line":19,"column":null}}},"fnMap":{},"branchMap":{},"s":{"0":1,"1":1,"2":1,"3":1,"4":1},"f":{},"b":{}}
,"/home/fallou/Bureau/Master1 devop/veille-techno-backend/src/prisma/prisma.module.ts": {"path":"/home/fallou/Bureau/Master1 devop/veille-techno-backend/src/prisma/prisma.module.ts","statementMap":{"0":{"start":{"line":1,"column":0},"end":{"line":1,"column":48}},"1":{"start":{"line":2,"column":0},"end":{"line":2,"column":49}},"2":{"start":{"line":9,"column":7},"end":{"line":9,"column":null}},"3":{"start":{"line":9,"column":13},"end":{"line":9,"column":25}},"4":{"start":{"line":9,"column":13},"end":{"line":9,"column":null}}},"fnMap":{},"branchMap":{},"s":{"0":0,"1":0,"2":0,"3":0,"4":0},"f":{},"b":{}}
,"/home/fallou/Bureau/Master1 devop/veille-techno-backend/src/prisma/prisma.service.ts": {"path":"/home/fallou/Bureau/Master1 devop/veille-techno-backend/src/prisma/prisma.service.ts","statementMap":{"0":{"start":{"line":1,"column":0},"end":{"line":1,"column":58}},"1":{"start":{"line":2,"column":0},"end":{"line":2,"column":46}},"2":{"start":{"line":3,"column":0},"end":{"line":3,"column":61}},"3":{"start":{"line":6,"column":7},"end":{"line":24,"column":null}},"4":{"start":{"line":8,"column":29},"end":{"line":8,"column":53}},"5":{"start":{"line":10,"column":4},"end":{"line":12,"column":5}},"6":{"start":{"line":11,"column":6},"end":{"line":11,"column":53}},"7":{"start":{"line":14,"column":20},"end":{"line":16,"column":6}},"8":{"start":{"line":18,"column":4},"end":{"line":18,"column":23}},"9":{"start":{"line":22,"column":4},"end":{"line":22,"column":26}},"10":{"start":{"line":6,"column":13},"end":{"line":6,"column":26}},"11":{"start":{"line":6,"column":13},"end":{"line":24,"column":null}}},"fnMap":{"0":{"name":"(anonymous_2)","decl":{"start":{"line":7,"column":2},"end":{"line":7,"column":null}},"loc":{"start":{"line":7,"column":2},"end":{"line":19,"column":3}}},"1":{"name":"(anonymous_3)","decl":{"start":{"line":21,"column":2},"end":{"line":21,"column":7}},"loc":{"start":{"line":21,"column":20},"end":{"line":23,"column":3}}}},"branchMap":{"0":{"loc":{"start":{"line":10,"column":4},"end":{"line":12,"column":5}},"type":"if","locations":[{"start":{"line":10,"column":4},"end":{"line":12,"column":5}},{"start":{},"end":{}}]}},"s":{"0":9,"1":9,"2":9,"3":9,"4":3,"5":3,"6":1,"7":2,"8":2,"9":1,"10":9,"11":9},"f":{"0":3,"1":1},"b":{"0":[1,2]}}
,"/home/fallou/Bureau/Master1 devop/veille-techno-backend/src/users/users.controller.ts": {"path":"/home/fallou/Bureau/Master1 devop/veille-techno-backend/src/users/users.controller.ts","statementMap":{"0":{"start":{"line":1,"column":0},"end":{"line":1,"column":null}},"1":{"start":{"line":12,"column":0},"end":{"line":12,"column":null}},"2":{"start":{"line":28,"column":0},"end":{"line":28,"column":61}},"3":{"start":{"line":29,"column":0},"end":{"line":29,"column":54}},"4":{"start":{"line":30,"column":0},"end":{"line":30,"column":47}},"5":{"start":{"line":42,"column":7},"end":{"line":163,"column":null}},"6":{"start":{"line":43,"column":31},"end":{"line":43,"column":45}},"7":{"start":{"line":74,"column":4},"end":{"line":74,"column":54}},"8":{"start":{"line":156,"column":4},"end":{"line":161,"column":6}},"9":{"start":{"line":42,"column":13},"end":{"line":42,"column":28}},"10":{"start":{"line":73,"column":2},"end":{"line":75,"column":null}},"11":{"start":{"line":151,"column":2},"end":{"line":162,"column":null}},"12":{"start":{"line":42,"column":13},"end":{"line":163,"column":null}}},"fnMap":{"0":{"name":"(anonymous_4)","decl":{"start":{"line":43,"column":2},"end":{"line":43,"column":31}},"loc":{"start":{"line":43,"column":57},"end":{"line":43,"column":61}}},"1":{"name":"(anonymous_5)","decl":{"start":{"line":73,"column":2},"end":{"line":73,"column":7}},"loc":{"start":{"line":73,"column":44},"end":{"line":75,"column":3}}},"2":{"name":"(anonymous_6)","decl":{"start":{"line":151,"column":2},"end":{"line":151,"column":12}},"loc":{"start":{"line":154,"column":40},"end":{"line":162,"column":3}}}},"branchMap":{},"s":{"0":1,"1":1,"2":1,"3":1,"4":1,"5":1,"6":4,"7":1,"8":2,"9":1,"10":1,"11":1,"12":1},"f":{"0":4,"1":1,"2":2},"b":{}}
,"/home/fallou/Bureau/Master1 devop/veille-techno-backend/src/users/users.module.ts": {"path":"/home/fallou/Bureau/Master1 devop/veille-techno-backend/src/users/users.module.ts","statementMap":{"0":{"start":{"line":1,"column":0},"end":{"line":1,"column":40}},"1":{"start":{"line":3,"column":0},"end":{"line":3,"column":53}},"2":{"start":{"line":4,"column":0},"end":{"line":4,"column":47}},"3":{"start":{"line":5,"column":0},"end":{"line":5,"column":49}},"4":{"start":{"line":12,"column":7},"end":{"line":12,"column":null}},"5":{"start":{"line":12,"column":13},"end":{"line":12,"column":24}},"6":{"start":{"line":12,"column":13},"end":{"line":12,"column":null}}},"fnMap":{},"branchMap":{},"s":{"0":0,"1":0,"2":0,"3":0,"4":0,"5":0,"6":0},"f":{},"b":{}}
,"/home/fallou/Bureau/Master1 devop/veille-techno-backend/src/users/users.service.ts": {"path":"/home/fallou/Bureau/Master1 devop/veille-techno-backend/src/users/users.service.ts","statementMap":{"0":{"start":{"line":1,"column":0},"end":{"line":1,"column":null}},"1":{"start":{"line":8,"column":0},"end":{"line":8,"column":33}},"2":{"start":{"line":10,"column":0},"end":{"line":10,"column":57}},"3":{"start":{"line":11,"column":0},"end":{"line":11,"column":52}},"4":{"start":{"line":15,"column":7},"end":{"line":111,"column":null}},"5":{"start":{"line":16,"column":31},"end":{"line":16,"column":39}},"6":{"start":{"line":19,"column":17},"end":{"line":31,"column":6}},"7":{"start":{"line":33,"column":4},"end":{"line":35,"column":5}},"8":{"start":{"line":34,"column":6},"end":{"line":34,"column":52}},"9":{"start":{"line":37,"column":4},"end":{"line":37,"column":16}},"10":{"start":{"line":46,"column":17},"end":{"line":50,"column":6}},"11":{"start":{"line":52,"column":4},"end":{"line":54,"column":5}},"12":{"start":{"line":53,"column":6},"end":{"line":53,"column":52}},"13":{"start":{"line":56,"column":20},"end":{"line":56,"column":56}},"14":{"start":{"line":57,"column":20},"end":{"line":57,"column":56}},"15":{"start":{"line":59,"column":4},"end":{"line":63,"column":5}},"16":{"start":{"line":60,"column":6},"end":{"line":62,"column":8}},"17":{"start":{"line":65,"column":4},"end":{"line":69,"column":5}},"18":{"start":{"line":66,"column":6},"end":{"line":68,"column":8}},"19":{"start":{"line":71,"column":4},"end":{"line":81,"column":5}},"20":{"start":{"line":72,"column":28},"end":{"line":76,"column":8}},"21":{"start":{"line":78,"column":6},"end":{"line":80,"column":7}},"22":{"start":{"line":79,"column":8},"end":{"line":79,"column":60}},"23":{"start":{"line":85,"column":4},"end":{"line":87,"column":5}},"24":{"start":{"line":86,"column":6},"end":{"line":86,"column":65}},"25":{"start":{"line":89,"column":4},"end":{"line":109,"column":7}},"26":{"start":{"line":15,"column":13},"end":{"line":15,"column":25}},"27":{"start":{"line":15,"column":13},"end":{"line":111,"column":null}}},"fnMap":{"0":{"name":"(anonymous_11)","decl":{"start":{"line":16,"column":2},"end":{"line":16,"column":31}},"loc":{"start":{"line":16,"column":52},"end":{"line":16,"column":56}}},"1":{"name":"(anonymous_12)","decl":{"start":{"line":18,"column":2},"end":{"line":18,"column":7}},"loc":{"start":{"line":18,"column":29},"end":{"line":38,"column":3}}},"2":{"name":"(anonymous_13)","decl":{"start":{"line":40,"column":2},"end":{"line":40,"column":7}},"loc":{"start":{"line":44,"column":32},"end":{"line":110,"column":3}}}},"branchMap":{"0":{"loc":{"start":{"line":33,"column":4},"end":{"line":35,"column":5}},"type":"if","locations":[{"start":{"line":33,"column":4},"end":{"line":35,"column":5}},{"start":{},"end":{}}]},"1":{"loc":{"start":{"line":52,"column":4},"end":{"line":54,"column":5}},"type":"if","locations":[{"start":{"line":52,"column":4},"end":{"line":54,"column":5}},{"start":{},"end":{}}]},"2":{"loc":{"start":{"line":59,"column":4},"end":{"line":63,"column":5}},"type":"if","locations":[{"start":{"line":59,"column":4},"end":{"line":63,"column":5}},{"start":{},"end":{}}]},"3":{"loc":{"start":{"line":59,"column":8},"end":{"line":59,"column":28}},"type":"binary-expr","locations":[{"start":{"line":59,"column":8},"end":{"line":59,"column":16}},{"start":{"line":59,"column":20},"end":{"line":59,"column":28}}]},"4":{"loc":{"start":{"line":65,"column":4},"end":{"line":69,"column":5}},"type":"if","locations":[{"start":{"line":65,"column":4},"end":{"line":69,"column":5}},{"start":{},"end":{}}]},"5":{"loc":{"start":{"line":65,"column":8},"end":{"line":65,"column":52}},"type":"binary-expr","locations":[{"start":{"line":65,"column":8},"end":{"line":65,"column":40}},{"start":{"line":65,"column":44},"end":{"line":65,"column":52}}]},"6":{"loc":{"start":{"line":71,"column":4},"end":{"line":81,"column":5}},"type":"if","locations":[{"start":{"line":71,"column":4},"end":{"line":81,"column":5}},{"start":{},"end":{}}]},"7":{"loc":{"start":{"line":71,"column":8},"end":{"line":71,"column":65}},"type":"binary-expr","locations":[{"start":{"line":71,"column":8},"end":{"line":71,"column":27}},{"start":{"line":71,"column":31},"end":{"line":71,"column":65}}]},"8":{"loc":{"start":{"line":78,"column":6},"end":{"line":80,"column":7}},"type":"if","locations":[{"start":{"line":78,"column":6},"end":{"line":80,"column":7}},{"start":{},"end":{}}]},"9":{"loc":{"start":{"line":85,"column":4},"end":{"line":87,"column":5}},"type":"if","locations":[{"start":{"line":85,"column":4},"end":{"line":87,"column":5}},{"start":{},"end":{}}]},"10":{"loc":{"start":{"line":97,"column":12},"end":{"line":99,"column":10}},"type":"binary-expr","locations":[{"start":{"line":97,"column":12},"end":{"line":97,"column":26}},{"start":{"line":97,"column":30},"end":{"line":99,"column":10}}]}},"s":{"0":2,"1":2,"2":2,"3":2,"4":2,"5":10,"6":2,"7":2,"8":1,"9":1,"10":7,"11":7,"12":1,"13":6,"14":6,"15":6,"16":1,"17":5,"18":1,"19":4,"20":1,"21":1,"22":1,"23":3,"24":1,"25":3,"26":2,"27":2},"f":{"0":10,"1":2,"2":7},"b":{"0":[1,1],"1":[1,6],"2":[1,5],"3":[6,2],"4":[1,4],"5":[5,2],"6":[1,3],"7":[4,1],"8":[1,0],"9":[1,2],"10":[3,1]}}
,"/home/fallou/Bureau/Master1 devop/veille-techno-backend/src/users/dto/update-user.dto.ts": {"path":"/home/fallou/Bureau/Master1 devop/veille-techno-backend/src/users/dto/update-user.dto.ts","statementMap":{"0":{"start":{"line":1,"column":0},"end":{"line":1,"column":54}},"1":{"start":{"line":2,"column":0},"end":{"line":2,"column":83}},"2":{"start":{"line":3,"column":0},"end":{"line":3,"column":55}},"3":{"start":{"line":5,"column":0},"end":{"line":5,"column":13}},"4":{"start":{"line":11,"column":2},"end":{"line":11,"column":null}},"5":{"start":{"line":18,"column":2},"end":{"line":18,"column":null}},"6":{"start":{"line":27,"column":2},"end":{"line":27,"column":null}},"7":{"start":{"line":35,"column":2},"end":{"line":35,"column":null}}},"fnMap":{},"branchMap":{},"s":{"0":1,"1":1,"2":1,"3":1,"4":1,"5":1,"6":1,"7":1},"f":{},"b":{}}
}
