TN:
SF:src/app.controller.ts
FN:7,(anonymous_2)
FN:10,(anonymous_3)
FNF:2
FNH:2
FNDA:1,(anonymous_2)
FNDA:1,(anonymous_3)
DA:1,1
DA:2,1
DA:6,1
DA:7,1
DA:10,1
DA:11,1
LF:6
LH:6
BRF:0
BRH:0
end_of_record
TN:
SF:src/app.module.ts
FNF:0
FNH:0
DA:1,0
DA:2,0
DA:4,0
DA:5,0
DA:7,0
DA:8,0
DA:9,0
DA:10,0
DA:11,0
DA:27,0
LF:10
LH:0
BRF:0
BRH:0
end_of_record
TN:
SF:src/app.service.ts
FN:5,(anonymous_1)
FNF:1
FNH:1
FNDA:1,(anonymous_1)
DA:1,1
DA:4,1
DA:6,1
LF:3
LH:3
BRF:0
BRH:0
end_of_record
TN:
SF:src/main.ts
FN:6,bootstrap
FNF:1
FNH:0
FNDA:0,bootstrap
DA:1,0
DA:2,0
DA:3,0
DA:4,0
DA:7,0
DA:9,0
DA:18,0
DA:25,0
DA:27,0
DA:29,0
DA:32,0
LF:11
LH:0
BRDA:29,0,0,0
BRDA:29,0,1,0
BRF:2
BRH:0
end_of_record
TN:
SF:src/auth/auth.controller.ts
FN:27,(anonymous_4)
FN:71,(anonymous_5)
FN:111,(anonymous_6)
FNF:3
FNH:3
FNDA:3,(anonymous_4)
FNDA:1,(anonymous_5)
FNDA:1,(anonymous_6)
DA:1,1
DA:9,1
DA:20,1
DA:21,1
DA:22,1
DA:26,1
DA:27,3
DA:71,1
DA:72,1
DA:111,1
DA:112,1
LF:11
LH:11
BRF:0
BRH:0
end_of_record
TN:
SF:src/auth/auth.module.ts
FN:14,(anonymous_1)
FNF:1
FNH:0
FNDA:0,(anonymous_1)
DA:1,0
DA:2,0
DA:3,0
DA:5,0
DA:6,0
DA:7,0
DA:14,0
DA:26,0
LF:8
LH:0
BRF:0
BRH:0
end_of_record
TN:
SF:src/auth/auth.service.ts
FN:15,(anonymous_11)
FN:20,(anonymous_12)
FN:50,(anonymous_13)
FNF:3
FNH:3
FNDA:7,(anonymous_11)
FNDA:2,(anonymous_12)
FNDA:5,(anonymous_13)
DA:1,2
DA:6,2
DA:7,2
DA:9,2
DA:14,2
DA:16,7
DA:17,7
DA:21,2
DA:23,2
DA:27,2
DA:28,1
DA:31,1
DA:33,1
DA:41,1
DA:51,5
DA:53,5
DA:57,5
DA:58,2
DA:61,3
DA:66,3
DA:67,2
DA:70,1
DA:75,1
LF:23
LH:23
BRDA:27,0,0,1
BRDA:27,0,1,1
BRDA:57,1,0,2
BRDA:57,1,1,3
BRDA:66,2,0,2
BRDA:66,2,1,1
BRF:6
BRH:6
end_of_record
TN:
SF:src/auth/dto/login.dto.ts
FNF:0
FNH:0
DA:1,1
DA:2,1
DA:4,1
DA:10,1
DA:18,1
LF:5
LH:5
BRF:0
BRH:0
end_of_record
TN:
SF:src/auth/dto/register.dto.ts
FNF:0
FNH:0
DA:1,1
DA:2,1
DA:9,1
DA:16,1
DA:23,1
DA:32,1
LF:6
LH:6
BRF:0
BRH:0
end_of_record
TN:
SF:src/auth/guards/jwt-auth.guard.ts
FN:13,(anonymous_2)
FN:18,(anonymous_3)
FN:39,(anonymous_4)
FNF:3
FNH:3
FNDA:12,(anonymous_2)
FNDA:9,(anonymous_3)
FNDA:9,(anonymous_4)
DA:1,2
DA:7,2
DA:8,2
DA:12,2
DA:14,12
DA:15,12
DA:19,9
DA:20,9
DA:22,9
DA:23,4
DA:26,5
DA:27,5
DA:31,2
DA:33,3
DA:36,2
DA:40,9
DA:42,9
LF:17
LH:17
BRDA:22,0,0,4
BRDA:22,0,1,5
BRDA:40,1,0,9
BRDA:40,1,1,2
BRDA:42,2,0,6
BRDA:42,2,1,3
BRF:6
BRH:6
end_of_record
TN:
SF:src/cards/cards.controller.ts
FN:44,(anonymous_4)
FN:53,(anonymous_5)
FN:72,(anonymous_6)
FN:89,(anonymous_7)
FN:106,(anonymous_8)
FN:126,(anonymous_9)
FNF:6
FNH:6
FNDA:6,(anonymous_4)
FNDA:1,(anonymous_5)
FNDA:1,(anonymous_6)
FNDA:1,(anonymous_7)
FNDA:1,(anonymous_8)
FNDA:1,(anonymous_9)
DA:1,1
DA:16,1
DA:27,1
DA:28,1
DA:29,1
DA:30,1
DA:43,1
DA:44,6
DA:53,1
DA:58,1
DA:72,1
DA:76,1
DA:89,1
DA:93,1
DA:106,1
DA:111,1
DA:126,1
DA:130,1
LF:18
LH:18
BRF:0
BRH:0
end_of_record
TN:
SF:src/cards/cards.module.ts
FNF:0
FNH:0
DA:1,0
DA:3,0
DA:4,0
DA:5,0
DA:12,0
LF:5
LH:0
BRF:0
BRH:0
end_of_record
TN:
SF:src/cards/cards.service.ts
FN:13,(anonymous_2)
FN:15,(anonymous_3)
FN:45,(anonymous_4)
FN:72,(anonymous_5)
FN:95,(anonymous_6)
FN:155,(anonymous_7)
FNF:6
FNH:6
FNDA:19,(anonymous_2)
FNDA:3,(anonymous_3)
FNDA:3,(anonymous_4)
FNDA:3,(anonymous_5)
FNDA:6,(anonymous_6)
FNDA:3,(anonymous_7)
DA:1,2
DA:7,2
DA:12,2
DA:13,19
DA:20,3
DA:26,3
DA:27,1
DA:30,2
DA:31,1
DA:36,1
DA:46,3
DA:52,3
DA:53,1
DA:56,2
DA:57,1
DA:62,1
DA:73,3
DA:82,3
DA:83,1
DA:86,2
DA:87,1
DA:92,1
DA:100,6
DA:109,6
DA:110,1
DA:113,5
DA:114,1
DA:119,4
DA:123,3
DA:129,3
DA:130,1
DA:135,2
DA:136,1
DA:142,2
DA:156,3
DA:165,3
DA:166,1
DA:169,2
DA:170,1
DA:175,1
LF:40
LH:40
BRDA:26,0,0,1
BRDA:26,0,1,2
BRDA:30,1,0,1
BRDA:30,1,1,1
BRDA:52,2,0,1
BRDA:52,2,1,2
BRDA:56,3,0,1
BRDA:56,3,1,1
BRDA:82,4,0,1
BRDA:82,4,1,2
BRDA:86,5,0,1
BRDA:86,5,1,1
BRDA:109,6,0,1
BRDA:109,6,1,5
BRDA:113,7,0,1
BRDA:113,7,1,4
BRDA:119,8,0,3
BRDA:119,8,1,1
BRDA:120,9,0,4
BRDA:120,9,1,3
BRDA:129,10,0,1
BRDA:129,10,1,2
BRDA:135,11,0,1
BRDA:135,11,1,1
BRDA:165,12,0,1
BRDA:165,12,1,2
BRDA:169,13,0,1
BRDA:169,13,1,1
BRF:28
BRH:28
end_of_record
TN:
SF:src/cards/dto/create-card.dto.ts
FNF:0
FNH:0
DA:1,1
DA:2,1
DA:4,1
DA:11,1
DA:19,1
LF:5
LH:5
BRF:0
BRH:0
end_of_record
TN:
SF:src/cards/dto/update-card.dto.ts
FNF:0
FNH:0
DA:1,1
DA:2,1
DA:4,1
DA:10,1
DA:17,1
DA:24,1
DA:32,1
LF:7
LH:7
BRF:0
BRH:0
end_of_record
TN:
SF:src/lists/lists.controller.ts
FN:45,(anonymous_4)
FN:57,(anonymous_5)
FN:68,(anonymous_6)
FN:85,(anonymous_7)
FN:105,(anonymous_8)
FNF:5
FNH:5
FNDA:5,(anonymous_4)
FNDA:1,(anonymous_5)
FNDA:1,(anonymous_6)
FNDA:1,(anonymous_7)
FNDA:1,(anonymous_8)
DA:1,1
DA:16,1
DA:28,1
DA:29,1
DA:30,1
DA:31,1
DA:44,1
DA:45,5
DA:57,1
DA:58,1
DA:68,1
DA:72,1
DA:85,1
DA:90,1
DA:105,1
DA:109,1
LF:16
LH:16
BRF:0
BRH:0
end_of_record
TN:
SF:src/lists/lists.module.ts
FNF:0
FNH:0
DA:1,0
DA:2,0
DA:3,0
DA:4,0
DA:11,0
LF:5
LH:0
BRF:0
BRH:0
end_of_record
TN:
SF:src/lists/lists.service.ts
FN:13,(anonymous_2)
FN:15,(anonymous_3)
FN:24,(anonymous_4)
FN:35,(anonymous_5)
FN:64,(anonymous_6)
FNF:5
FNH:5
FNDA:9,(anonymous_2)
FNDA:1,(anonymous_3)
FNDA:1,(anonymous_4)
FNDA:3,(anonymous_5)
FNDA:3,(anonymous_6)
DA:1,2
DA:7,2
DA:12,2
DA:13,9
DA:16,1
DA:25,1
DA:40,3
DA:46,3
DA:47,1
DA:50,2
DA:51,1
DA:56,1
DA:65,3
DA:71,3
DA:72,1
DA:75,2
DA:76,1
DA:81,1
LF:18
LH:18
BRDA:46,0,0,1
BRDA:46,0,1,2
BRDA:50,1,0,1
BRDA:50,1,1,1
BRDA:71,2,0,1
BRDA:71,2,1,2
BRDA:75,3,0,1
BRDA:75,3,1,1
BRF:8
BRH:8
end_of_record
TN:
SF:src/lists/dto/create-list.dto.ts
FNF:0
FNH:0
DA:1,1
DA:2,1
DA:4,1
DA:11,1
LF:4
LH:4
BRF:0
BRH:0
end_of_record
TN:
SF:src/lists/dto/update-list.dto.ts
FNF:0
FNH:0
DA:1,1
DA:2,1
DA:4,1
DA:11,1
DA:19,1
LF:5
LH:5
BRF:0
BRH:0
end_of_record
TN:
SF:src/prisma/prisma.module.ts
FNF:0
FNH:0
DA:1,0
DA:2,0
DA:9,0
LF:3
LH:0
BRF:0
BRH:0
end_of_record
TN:
SF:src/prisma/prisma.service.ts
FN:7,(anonymous_2)
FN:21,(anonymous_3)
FNF:2
FNH:2
FNDA:3,(anonymous_2)
FNDA:1,(anonymous_3)
DA:1,9
DA:2,9
DA:3,9
DA:6,9
DA:8,3
DA:10,3
DA:11,1
DA:14,2
DA:18,2
DA:22,1
LF:10
LH:10
BRDA:10,0,0,1
BRDA:10,0,1,2
BRF:2
BRH:2
end_of_record
TN:
SF:src/users/users.controller.ts
FN:43,(anonymous_4)
FN:73,(anonymous_5)
FN:151,(anonymous_6)
FNF:3
FNH:3
FNDA:4,(anonymous_4)
FNDA:1,(anonymous_5)
FNDA:2,(anonymous_6)
DA:1,1
DA:12,1
DA:28,1
DA:29,1
DA:30,1
DA:42,1
DA:43,4
DA:73,1
DA:74,1
DA:151,1
DA:156,2
LF:11
LH:11
BRF:0
BRH:0
end_of_record
TN:
SF:src/users/users.module.ts
FNF:0
FNH:0
DA:1,0
DA:3,0
DA:4,0
DA:5,0
DA:12,0
LF:5
LH:0
BRF:0
BRH:0
end_of_record
TN:
SF:src/users/users.service.ts
FN:16,(anonymous_11)
FN:18,(anonymous_12)
FN:40,(anonymous_13)
FNF:3
FNH:3
FNDA:10,(anonymous_11)
FNDA:2,(anonymous_12)
FNDA:7,(anonymous_13)
DA:1,2
DA:8,2
DA:10,2
DA:11,2
DA:15,2
DA:16,10
DA:19,2
DA:33,2
DA:34,1
DA:37,1
DA:46,7
DA:52,7
DA:53,1
DA:56,6
DA:57,6
DA:59,6
DA:60,1
DA:65,5
DA:66,1
DA:71,4
DA:72,1
DA:78,1
DA:79,1
DA:85,3
DA:86,1
DA:89,3
LF:26
LH:26
BRDA:33,0,0,1
BRDA:33,0,1,1
BRDA:52,1,0,1
BRDA:52,1,1,6
BRDA:59,2,0,1
BRDA:59,2,1,5
BRDA:59,3,0,6
BRDA:59,3,1,2
BRDA:65,4,0,1
BRDA:65,4,1,4
BRDA:65,5,0,5
BRDA:65,5,1,2
BRDA:71,6,0,1
BRDA:71,6,1,3
BRDA:71,7,0,4
BRDA:71,7,1,1
BRDA:78,8,0,1
BRDA:78,8,1,0
BRDA:85,9,0,1
BRDA:85,9,1,2
BRDA:97,10,0,3
BRDA:97,10,1,1
BRF:22
BRH:21
end_of_record
TN:
SF:src/users/dto/update-user.dto.ts
FNF:0
FNH:0
DA:1,1
DA:2,1
DA:3,1
DA:5,1
DA:11,1
DA:18,1
DA:27,1
DA:35,1
LF:8
LH:8
BRF:0
BRH:0
end_of_record
